<?xml version="1.0" encoding="UTF-8"?>
<!-- Generated by org.testng.reporters.JUnitReportReporter -->
<testsuite hostname="DESKTOP-ALVIBGB" failures="0" tests="11" name="TestCases.TC01_Login" time="90.668" errors="0" timestamp="2024-05-18T15:31:54 EET" skipped="0">
  <testcase classname="TestCases.TC01_Login" name="registerWithValidDate" time="5.873"/>
  <testcase classname="TestCases.TC01_Login" name="loginWithValidDate" time="5.981"/>
  <testcase classname="TestCases.TC01_Login" name="resetPassword" time="5.506"/>
  <testcase classname="TestCases.TC01_Login" name="searchForProduct" time="8.212"/>
  <testcase classname="TestCases.TC01_Login" name="canSwitchBetweenCurrencies" time="6.991"/>
  <testcase classname="TestCases.TC01_Login" name="hoverToRandomCategory" time="7.955"/>
  <testcase classname="TestCases.TC01_Login" name="filterByRandomColor" time="10.841"/>
  <testcase classname="TestCases.TC01_Login" name="addRandomProductToTheCart" time="10.421"/>
  <testcase classname="TestCases.TC01_Login" name="addRandomProductToTheWishlist" time="7.603"/>
  <testcase classname="TestCases.TC01_Login" name="butRandomProduct" time="13.615"/>
  <testcase classname="TestCases.TC01_Login" name="addRandomProductToTheCompareProductPage" time="7.670"/>
</testsuite> <!-- TestCases.TC01_Login -->
