<?xml version="1.0" encoding="UTF-8"?>
<!-- Generated by org.testng.reporters.JUnitReportReporter -->
<testsuite hostname="DESKTOP-ALVIBGB" failures="0" tests="4" name="TestCases.TC05_Product" time="31.787" errors="0" timestamp="2024-06-09T23:39:53 EET" skipped="0">
  <testcase classname="TestCases.TC05_Product" name="filterByRandomColor_P" time="6.651"/>
  <testcase classname="TestCases.TC05_Product" name="addRandomProductToCart_P" time="8.199"/>
  <testcase classname="TestCases.TC05_Product" name="addRandomProductToWhishList_P" time="8.743"/>
  <testcase classname="TestCases.TC05_Product" name="addRandomProductToCompareList_P" time="8.194"/>
</testsuite> <!-- TestCases.TC05_Product -->
