<?xml version="1.0" encoding="UTF-8"?>
<!-- Generated by org.testng.reporters.JUnitReportReporter -->
<testsuite hostname="DESKTOP-ALVIBGB" failures="0" tests="1" name="TestCases.TC04_ForgetPassword" time="2.114" errors="0" timestamp="2024-05-26T17:18:44 EET" skipped="0">
  <testcase classname="TestCases.TC04_ForgetPassword" name="resetPassword_P" time="2.114"/>
</testsuite> <!-- TestCases.TC04_ForgetPassword -->
