<?xml version="1.0" encoding="UTF-8"?>
<!-- Generated by org.testng.reporters.JUnitReportReporter -->
<testsuite hostname="DESKTOP-ALVIBGB" failures="0" tests="2" name="TestCases.TC02_Registration" time="4.390" errors="0" timestamp="2024-06-09T23:36:35 EET" skipped="0">
  <testcase classname="TestCases.TC02_Registration" name="registerWithValidData_P" time="1.934"/>
  <testcase classname="TestCases.TC02_Registration" name="registerWithValidData_P" time="2.456"/>
</testsuite> <!-- TestCases.TC02_Registration -->
