<?xml version="1.0" encoding="UTF-8"?>
<!-- Generated by org.testng.reporters.JUnitReportReporter -->
<testsuite hostname="DESKTOP-ALVIBGB" failures="0" tests="4" name="TestCases.TC01_Home" time="5.655" errors="0" timestamp="2024-05-26T17:18:44 EET" skipped="0">
  <testcase classname="TestCases.TC01_Home" name="clickOnLogOutButton_P" time="0.943"/>
  <testcase classname="TestCases.TC01_Home" name="clickOnLogOutButton_P" time="1.307"/>
  <testcase classname="TestCases.TC01_Home" name="searchForProduct_P" time="1.838"/>
  <testcase classname="TestCases.TC01_Home" name="switchBetweenCurrencies_P" time="1.567"/>
</testsuite> <!-- TestCases.TC01_Home -->
