<?xml version="1.0" encoding="UTF-8"?>
<!-- Generated by org.testng.reporters.JUnitReportReporter -->
<testsuite hostname="DESKTOP-ALVIBGB" failures="0" tests="2" name="TestCases.TC06_Category" time="2.586" errors="0" timestamp="2024-06-08T09:24:56 EET" skipped="0">
  <testcase classname="TestCases.TC06_Category" name="chooseRandomCategory_P" time="1.650"/>
  <testcase classname="TestCases.TC06_Category" name="chooseRandomCategory_P" time="0.936"/>
</testsuite> <!-- TestCases.TC06_Category -->
