<?xml version="1.0" encoding="UTF-8"?>
<!-- Generated by org.testng.reporters.JUnitReportReporter -->
<testsuite hostname="DESKTOP-ALVIBGB" failures="0" tests="2" name="TestCases.TC03_Login" time="4.768" errors="0" timestamp="2024-05-26T17:18:44 EET" skipped="0">
  <testcase classname="TestCases.TC03_Login" name="loginWithValidDate_P" time="2.349"/>
  <testcase classname="TestCases.TC03_Login" name="loginWithValidDate_P" time="2.419"/>
</testsuite> <!-- TestCases.TC03_Login -->
