<?xml version="1.0" encoding="UTF-8"?>
<!-- Generated by org.testng.reporters.JUnitReportReporter -->
<testsuite hostname="DESKTOP-ALVIBGB" failures="0" tests="2" name="TestCases.TC04_ForgetPassword" time="4.975" errors="0" timestamp="2024-06-09T23:36:35 EET" skipped="0">
  <testcase classname="TestCases.TC04_ForgetPassword" name="resetPassword_P" time="2.623"/>
  <testcase classname="TestCases.TC04_ForgetPassword" name="resetPassword_P" time="2.352"/>
</testsuite> <!-- TestCases.TC04_ForgetPassword -->
