<?xml version="1.0" encoding="UTF-8"?>
<!-- Generated by org.testng.reporters.JUnitReportReporter -->
<testsuite hostname="DESKTOP-ALVIBGB" failures="0" tests="2" name="TestCases.TC02_Registration" time="5.746" errors="0" timestamp="2024-06-08T09:24:56 EET" skipped="0">
  <testcase classname="TestCases.TC02_Registration" name="registerWithValidData_P" time="2.383"/>
  <testcase classname="TestCases.TC02_Registration" name="registerWithValidData_P" time="3.363"/>
</testsuite> <!-- TestCases.TC02_Registration -->
