<?xml version="1.0" encoding="UTF-8"?>
<!-- Generated by org.testng.reporters.JUnitReportReporter -->
<testsuite hostname="DESKTOP-ALVIBGB" failures="0" tests="1" name="TestCases.TC06_Category" time="1.791" errors="0" timestamp="2024-06-03T17:00:18 EET" skipped="0">
  <testcase classname="TestCases.TC06_Category" name="chooseRandomCategory_P" time="1.791"/>
</testsuite> <!-- TestCases.TC06_Category -->
