<?xml version="1.0" encoding="UTF-8"?>
<!-- Generated by org.testng.reporters.JUnitReportReporter -->
<testsuite hostname="DESKTOP-ALVIBGB" failures="0" tests="2" name="TestCases.TC04_ForgetPassword" time="5.595" errors="0" timestamp="2024-06-08T09:24:56 EET" skipped="0">
  <testcase classname="TestCases.TC04_ForgetPassword" name="resetPassword_P" time="3.089"/>
  <testcase classname="TestCases.TC04_ForgetPassword" name="resetPassword_P" time="2.506"/>
</testsuite> <!-- TestCases.TC04_ForgetPassword -->
