<?xml version="1.0" encoding="UTF-8"?>
<!-- Generated by org.testng.reporters.JUnitReportReporter -->
<testsuite hostname="DESKTOP-ALVIBGB" failures="0" tests="2" name="TestCases.TC06_Category" time="2.204" errors="0" timestamp="2024-06-09T23:36:35 EET" skipped="0">
  <testcase classname="TestCases.TC06_Category" name="chooseRandomCategory_P" time="1.323"/>
  <testcase classname="TestCases.TC06_Category" name="chooseRandomCategory_P" time="0.881"/>
</testsuite> <!-- TestCases.TC06_Category -->
