<?xml version="1.0" encoding="UTF-8"?>
<!-- Generated by org.testng.reporters.JUnitReportReporter -->
<testsuite hostname="DESKTOP-ALVIBGB" failures="0" tests="4" name="TestCases.TC05_Product" time="16.900" errors="0" timestamp="2024-05-26T17:18:44 EET" skipped="0">
  <testcase classname="TestCases.TC05_Product" name="filterByRandomColor_P" time="3.269"/>
  <testcase classname="TestCases.TC05_Product" name="addRandomProductToCart_P" time="5.076"/>
  <testcase classname="TestCases.TC05_Product" name="addRandomProductToWhishList_P" time="4.081"/>
  <testcase classname="TestCases.TC05_Product" name="addRandomProductToCompareList_P" time="4.474"/>
</testsuite> <!-- TestCases.TC05_Product -->
