<?xml version="1.0" encoding="UTF-8"?>
<!-- Generated by org.testng.reporters.JUnitReportReporter -->
<testsuite hostname="DESKTOP-ALVIBGB" failures="0" tests="4" name="TestCases.TC03_Login" time="7.944" errors="0" timestamp="2024-06-08T09:24:56 EET" skipped="0">
  <testcase classname="TestCases.TC03_Login" name="loginWithValidDate_P" time="1.461"/>
  <testcase classname="TestCases.TC03_Login" name="loginWithValidDate_P" time="1.699"/>
  <testcase classname="TestCases.TC03_Login" name="loginWithValidDate_P" time="2.122"/>
  <testcase classname="TestCases.TC03_Login" name="loginWithValidDate_P" time="2.662"/>
</testsuite> <!-- TestCases.TC03_Login -->
