<?xml version="1.0" encoding="UTF-8"?>
<!-- Generated by org.testng.reporters.JUnitReportReporter -->
<testsuite hostname="DESKTOP-ALVIBGB" failures="0" tests="4" name="TestCases.TC05_Product" time="25.133" errors="0" timestamp="2024-06-08T10:00:47 EET" skipped="0">
  <testcase classname="TestCases.TC05_Product" name="filterByRandomColor_P" time="5.242"/>
  <testcase classname="TestCases.TC05_Product" name="addRandomProductToCart_P" time="6.748"/>
  <testcase classname="TestCases.TC05_Product" name="addRandomProductToWhishList_P" time="6.540"/>
  <testcase classname="TestCases.TC05_Product" name="addRandomProductToCompareList_P" time="6.603"/>
</testsuite> <!-- TestCases.TC05_Product -->
