<?xml version="1.0" encoding="UTF-8"?>
<!-- Generated by org.testng.reporters.JUnitReportReporter -->
<testsuite hostname="DESKTOP-ALVIBGB" failures="0" tests="1" name="TestCases.TC02_Registration" time="3.020" errors="0" timestamp="2024-05-26T17:18:44 EET" skipped="0">
  <testcase classname="TestCases.TC02_Registration" name="registerWithValidData_P" time="3.020"/>
</testsuite> <!-- TestCases.TC02_Registration -->
