<?xml version="1.0" encoding="UTF-8"?>
<!-- Generated by org.testng.reporters.JUnitReportReporter -->
<testsuite hostname="DESKTOP-ALVIBGB" failures="0" tests="4" name="TestCases.TC03_Login" time="7.400" errors="0" timestamp="2024-06-09T23:36:35 EET" skipped="0">
  <testcase classname="TestCases.TC03_Login" name="loginWithValidDate_P" time="2.339"/>
  <testcase classname="TestCases.TC03_Login" name="loginWithValidDate_P" time="2.044"/>
  <testcase classname="TestCases.TC03_Login" name="loginWithValidDate_P" time="1.582"/>
  <testcase classname="TestCases.TC03_Login" name="loginWithValidDate_P" time="1.435"/>
</testsuite> <!-- TestCases.TC03_Login -->
