<?xml version="1.0" encoding="UTF-8"?>
<!-- Generated by org.testng.reporters.JUnitReportReporter -->
<testsuite hostname="DESKTOP-ALVIBGB" failures="0" tests="8" name="TestCases.TC01_Home" time="11.402" errors="0" timestamp="2024-06-08T09:24:56 EET" skipped="0">
  <testcase classname="TestCases.TC01_Home" name="clickOnLogOutButton_P" time="1.315"/>
  <testcase classname="TestCases.TC01_Home" name="clickOnLogOutButton_P" time="1.030"/>
  <testcase classname="TestCases.TC01_Home" name="clickOnLogOutButton_P" time="0.797"/>
  <testcase classname="TestCases.TC01_Home" name="clickOnLogOutButton_P" time="0.800"/>
  <testcase classname="TestCases.TC01_Home" name="searchForProduct_P" time="1.357"/>
  <testcase classname="TestCases.TC01_Home" name="searchForProduct_P" time="1.930"/>
  <testcase classname="TestCases.TC01_Home" name="switchBetweenCurrencies_P" time="1.873"/>
  <testcase classname="TestCases.TC01_Home" name="switchBetweenCurrencies_P" time="2.300"/>
</testsuite> <!-- TestCases.TC01_Home -->
