<?xml version="1.0" encoding="UTF-8"?>
<!-- Generated by org.testng.reporters.JUnitReportReporter -->
<testsuite hostname="DESKTOP-ALVIBGB" failures="0" tests="8" name="TestCases.TC01_Home" time="6.402" errors="0" timestamp="2024-06-09T23:36:35 EET" skipped="0">
  <testcase classname="TestCases.TC01_Home" name="clickOnLogOutButton_P" time="0.838"/>
  <testcase classname="TestCases.TC01_Home" name="clickOnLogOutButton_P" time="0.642"/>
  <testcase classname="TestCases.TC01_Home" name="clickOnLogOutButton_P" time="0.934"/>
  <testcase classname="TestCases.TC01_Home" name="clickOnLogOutButton_P" time="0.965"/>
  <testcase classname="TestCases.TC01_Home" name="searchForProduct_P" time="1.357"/>
  <testcase classname="TestCases.TC01_Home" name="searchForProduct_P" time="0.881"/>
  <testcase classname="TestCases.TC01_Home" name="switchBetweenCurrencies_P" time="0.582"/>
  <testcase classname="TestCases.TC01_Home" name="switchBetweenCurrencies_P" time="0.203"/>
</testsuite> <!-- TestCases.TC01_Home -->
